{"logTime": "0515/092505", "correlationVector":"Co6ZfwIXeMsoC+x3oabx6p.150","action":"GetUpdates", "result":"DeleteReceived", "context":{"id":"cd163d90-6f1e-4c14-8ed5-f482e3807ea1", "isDeleted:":"true", "version":"1683701372372"}}
{"logTime": "0515/092505", "correlationVector":"Co6ZfwIXeMsoC+x3oabx6p.151","action":"GetUpdates", "result":"DeleteReceived", "context":{"id":"877599e9-30d5-40f2-8c55-53f992acace0", "isDeleted:":"true", "version":"1683701372373"}}
{"logTime": "0515/092505", "correlationVector":"Co6ZfwIXeMsoC+x3oabx6p.152","action":"GetUpdates", "result":"DeleteReceived", "context":{"id":"017952bc-e0ab-4c8a-906e-8309e8010326", "isDeleted:":"true", "version":"1683701372375"}}
{"logTime": "0515/092505", "correlationVector":"Co6ZfwIXeMsoC+x3oabx6p.153","action":"GetUpdates", "result":"DeleteReceived", "context":{"id":"f2333442-8d8d-4d3b-8988-59d483fcfd29", "isDeleted:":"true", "version":"1683701372376"}}
{"logTime": "0515/092505", "correlationVector":"Co6ZfwIXeMsoC+x3oabx6p.154","action":"GetUpdates", "result":"DeleteReceived", "context":{"id":"add928ab-aec4-4a0f-ab48-13b99f79d145", "isDeleted:":"true", "version":"1683701372377"}}
{"logTime": "0515/092505", "correlationVector":"Co6ZfwIXeMsoC+x3oabx6p.155","action":"GetUpdates", "result":"DeleteReceived", "context":{"id":"8f93073b-622d-45d8-9cce-f4236949bb2a", "isDeleted:":"true", "version":"1683701960917"}}
{"logTime": "0515/092505", "correlationVector":"Co6ZfwIXeMsoC+x3oabx6p.156","action":"GetUpdates", "result":"DeleteReceived", "context":{"id":"3ac26008-8c64-4069-a735-c6a047c788a0", "isDeleted:":"true", "version":"1683704012613"}}
{"logTime": "0515/092505", "correlationVector":"Co6ZfwIXeMsoC+x3oabx6p.157","action":"GetUpdates", "result":"DeleteReceived", "context":{"id":"80d37301-00cc-4356-8566-983b38955cab", "isDeleted:":"true", "version":"1683704430915"}}
{"logTime": "0515/092505", "correlationVector":"Co6ZfwIXeMsoC+x3oabx6p.158","action":"GetUpdates", "result":"DeleteReceived", "context":{"id":"ba1e244a-60f5-40c9-ad90-7c9e866da24e", "isDeleted:":"true", "version":"1683704430916"}}
{"logTime": "0515/092505", "correlationVector":"Co6ZfwIXeMsoC+x3oabx6p.159","action":"GetUpdates", "result":"DeleteReceived", "context":{"id":"b13320dd-15a4-4672-ba0f-3c105d58ff71", "isDeleted:":"true", "version":"1683705219188"}}
{"logTime": "0515/092505", "correlationVector":"Co6ZfwIXeMsoC+x3oabx6p.160","action":"GetUpdates", "result":"DeleteReceived", "context":{"id":"6db6b7a1-fbe5-487e-8838-935136651b5f", "isDeleted:":"true", "version":"1683705327102"}}
{"logTime": "0515/092505", "correlationVector":"Co6ZfwIXeMsoC+x3oabx6p.161","action":"GetUpdates", "result":"DeleteReceived", "context":{"id":"76479622-4822-4136-b5b6-9ba90bbe3048", "isDeleted:":"true", "version":"1683706066641"}}
{"logTime": "0515/092505", "correlationVector":"Co6ZfwIXeMsoC+x3oabx6p.162","action":"GetUpdates", "result":"DeleteReceived", "context":{"id":"45f51fc8-d486-43ed-a92a-fbcaff3d9e50", "isDeleted:":"true", "version":"1683706066642"}}
{"logTime": "0515/092505", "correlationVector":"Co6ZfwIXeMsoC+x3oabx6p.163","action":"GetUpdates", "result":"DeleteReceived", "context":{"id":"a12ecdf9-0f44-40fa-a9df-39bcc00a9d6f", "isDeleted:":"true", "version":"1683706066643"}}
{"logTime": "0515/092505", "correlationVector":"Co6ZfwIXeMsoC+x3oabx6p.164","action":"GetUpdates", "result":"DeleteReceived", "context":{"id":"b2589eb1-bf8f-4703-8e87-b930238c4f31", "isDeleted:":"true", "version":"1683706066645"}}
{"logTime": "0515/092505", "correlationVector":"Co6ZfwIXeMsoC+x3oabx6p.165","action":"GetUpdates", "result":"DeleteReceived", "context":{"id":"0360b232-565d-4715-9712-b49c37105f08", "isDeleted:":"true", "version":"1683706066646"}}
{"logTime": "0515/092505", "correlationVector":"Co6ZfwIXeMsoC+x3oabx6p.166","action":"GetUpdates", "result":"DeleteReceived", "context":{"id":"21c42fed-5e88-46df-96c7-1c8805c0080b", "isDeleted:":"true", "version":"1683706066647"}}
{"logTime": "0515/092505", "correlationVector":"Co6ZfwIXeMsoC+x3oabx6p.167","action":"GetUpdates", "result":"DeleteReceived", "context":{"id":"804b1b46-af58-43d0-bb02-9936436365e5", "isDeleted:":"true", "version":"1683710287914"}}
{"logTime": "0515/092505", "correlationVector":"Co6ZfwIXeMsoC+x3oabx6p.168","action":"GetUpdates", "result":"DeleteReceived", "context":{"id":"d35b73ec-49de-45e9-9d5f-d0d0b7782ae0", "isDeleted:":"true", "version":"1683717458559"}}
{"logTime": "0515/092505", "correlationVector":"Co6ZfwIXeMsoC+x3oabx6p.169","action":"GetUpdates", "result":"DeleteReceived", "context":{"id":"f9b3bf30-9927-4337-abeb-3edbf7f7133b", "isDeleted:":"true", "version":"1683717914972"}}
{"logTime": "0515/092505", "correlationVector":"Co6ZfwIXeMsoC+x3oabx6p.170","action":"GetUpdates", "result":"DeleteReceived", "context":{"id":"daf7daec-a3d4-42c6-a2ab-dd94a0f2e658", "isDeleted:":"true", "version":"1683719201712"}}
{"logTime": "0515/092505", "correlationVector":"Co6ZfwIXeMsoC+x3oabx6p.171","action":"GetUpdates", "result":"DeleteReceived", "context":{"id":"1d356110-6f75-4b47-9b1e-1e5e96847867", "isDeleted:":"true", "version":"1683719201714"}}
{"logTime": "0515/092505", "correlationVector":"Co6ZfwIXeMsoC+x3oabx6p.172","action":"GetUpdates", "result":"DeleteReceived", "context":{"id":"7280e7e3-e2a8-44a4-af32-b292a599280b", "isDeleted:":"true", "version":"1683719697477"}}
{"logTime": "0515/092505", "correlationVector":"Co6ZfwIXeMsoC+x3oabx6p.173","action":"GetUpdates", "result":"DeleteReceived", "context":{"id":"389ad62c-98b8-45ad-bef4-88ffbad8a612", "isDeleted:":"true", "version":"1683719697478"}}
{"logTime": "0515/092505", "correlationVector":"Co6ZfwIXeMsoC+x3oabx6p.174","action":"GetUpdates", "result":"DeleteReceived", "context":{"id":"0626523f-feba-4726-84e5-650aef955fdb", "isDeleted:":"true", "version":"1683719697479"}}
{"logTime": "0515/092505", "correlationVector":"Co6ZfwIXeMsoC+x3oabx6p.175","action":"GetUpdates", "result":"DeleteReceived", "context":{"id":"77719e75-125b-473e-b2b7-ecade23bee1d", "isDeleted:":"true", "version":"1683719697480"}}
{"logTime": "0515/092505", "correlationVector":"Co6ZfwIXeMsoC+x3oabx6p.176","action":"GetUpdates", "result":"DeleteReceived", "context":{"id":"a3643f8d-399e-441c-ac78-617a13d79477", "isDeleted:":"true", "version":"1683719697481"}}
{"logTime": "0515/092505", "correlationVector":"Co6ZfwIXeMsoC+x3oabx6p.177","action":"GetUpdates", "result":"DeleteReceived", "context":{"id":"b5919f12-a46c-443b-990b-c00666690c90", "isDeleted:":"true", "version":"1683719697482"}}
{"logTime": "0515/092505", "correlationVector":"Co6ZfwIXeMsoC+x3oabx6p.178","action":"GetUpdates", "result":"DeleteReceived", "context":{"id":"98448eb0-ce06-4953-82b2-eb6f48926d93", "isDeleted:":"true", "version":"1683733863485"}}
{"logTime": "0515/092505", "correlationVector":"Co6ZfwIXeMsoC+x3oabx6p.179","action":"GetUpdates", "result":"DeleteReceived", "context":{"id":"98c92d54-a1f3-4db0-8a56-19bbb1a3cc47", "isDeleted:":"true", "version":"1683735425283"}}
{"logTime": "0515/092505", "correlationVector":"Co6ZfwIXeMsoC+x3oabx6p.180","action":"GetUpdates", "result":"DeleteReceived", "context":{"id":"6687ef40-c6d4-4995-b838-49803ffa6090", "isDeleted:":"true", "version":"1683735568518"}}
{"logTime": "0515/092505", "correlationVector":"Co6ZfwIXeMsoC+x3oabx6p.181","action":"GetUpdates", "result":"DeleteReceived", "context":{"id":"7b5c9dfb-0d97-4ca2-804b-ab39c70596e8", "isDeleted:":"true", "version":"1683735580322"}}
{"logTime": "0515/092505", "correlationVector":"Co6ZfwIXeMsoC+x3oabx6p.182","action":"GetUpdates", "result":"DeleteReceived", "context":{"id":"33cfa7f5-bd7d-4b83-b658-967bb1cfdce8", "isDeleted:":"true", "version":"1683735669657"}}
{"logTime": "0515/092505", "correlationVector":"Co6ZfwIXeMsoC+x3oabx6p.183","action":"GetUpdates", "result":"DeleteReceived", "context":{"id":"0cd7f5fc-59b3-49ab-9022-5ac7c618680d", "isDeleted:":"true", "version":"1683736470113"}}
{"logTime": "0515/092505", "correlationVector":"Co6ZfwIXeMsoC+x3oabx6p.184","action":"GetUpdates", "result":"DeleteReceived", "context":{"id":"fa3adfb1-b375-4ac1-bc5e-9cbbc74ee450", "isDeleted:":"true", "version":"1683740441301"}}
{"logTime": "0515/092505", "correlationVector":"Co6ZfwIXeMsoC+x3oabx6p.185","action":"GetUpdates", "result":"DeleteReceived", "context":{"id":"fc2c6872-c65a-47fd-88ca-9c9fe45b8866", "isDeleted:":"true", "version":"1683741781902"}}
{"logTime": "0515/092505", "correlationVector":"Co6ZfwIXeMsoC+x3oabx6p.186","action":"GetUpdates", "result":"DeleteReceived", "context":{"id":"a8095fb0-9bea-429e-a76b-9eda904dde3c", "isDeleted:":"true", "version":"1683741892223"}}
{"logTime": "0515/092505", "correlationVector":"Co6ZfwIXeMsoC+x3oabx6p.187","action":"GetUpdates", "result":"DeleteReceived", "context":{"id":"35da59b0-2ed4-45fa-b9ad-f2d4de3f98c2", "isDeleted:":"true", "version":"1683743425595"}}
{"logTime": "0515/092505", "correlationVector":"Co6ZfwIXeMsoC+x3oabx6p.188","action":"GetUpdates", "result":"DeleteReceived", "context":{"id":"910f7423-b54e-47bd-8421-488ae5df492f", "isDeleted:":"true", "version":"1683747875219"}}
{"logTime": "0515/092505", "correlationVector":"Co6ZfwIXeMsoC+x3oabx6p.189","action":"GetUpdates", "result":"DeleteReceived", "context":{"id":"1bd43612-86c9-4f84-bfa6-c7d631de8f40", "isDeleted:":"true", "version":"1683747875220"}}
{"logTime": "0515/092505", "correlationVector":"Co6ZfwIXeMsoC+x3oabx6p.190","action":"GetUpdates", "result":"DeleteReceived", "context":{"id":"cf37b5e2-378e-48a0-8672-1c8ca2f22bb2", "isDeleted:":"true", "version":"1683747944067"}}
{"logTime": "0515/092505", "correlationVector":"Co6ZfwIXeMsoC+x3oabx6p.191","action":"GetUpdates", "result":"DeleteReceived", "context":{"id":"9951190e-715a-4c53-a541-b95700cca1de", "isDeleted:":"true", "version":"1683747944069"}}
{"logTime": "0515/092505", "correlationVector":"Co6ZfwIXeMsoC+x3oabx6p.192","action":"GetUpdates", "result":"DeleteReceived", "context":{"id":"f80169f9-225f-4c45-83a6-91671749c469", "isDeleted:":"true", "version":"1683747944070"}}
{"logTime": "0515/092505", "correlationVector":"Co6ZfwIXeMsoC+x3oabx6p.193","action":"GetUpdates", "result":"DeleteReceived", "context":{"id":"97c6eeef-bf07-4f35-9e3d-36a7226e3940", "isDeleted:":"true", "version":"1683789187935"}}
{"logTime": "0515/092505", "correlationVector":"Co6ZfwIXeMsoC+x3oabx6p.194","action":"GetUpdates", "result":"DeleteReceived", "context":{"id":"b1bb4f2e-2b61-41f0-b35d-edd48c6d7f26", "isDeleted:":"true", "version":"1683789187936"}}
{"logTime": "0515/092505", "correlationVector":"Co6ZfwIXeMsoC+x3oabx6p.195","action":"GetUpdates", "result":"DeleteReceived", "context":{"id":"69c55e21-dcaa-4309-b935-28613a22e32d", "isDeleted:":"true", "version":"1683789187937"}}
{"logTime": "0515/092505", "correlationVector":"Co6ZfwIXeMsoC+x3oabx6p.196","action":"GetUpdates", "result":"DeleteReceived", "context":{"id":"08840d57-bd99-400f-ae92-60c16ba32efd", "isDeleted:":"true", "version":"1683789187938"}}
{"logTime": "0515/092505", "correlationVector":"Co6ZfwIXeMsoC+x3oabx6p.197","action":"GetUpdates", "result":"DeleteReceived", "context":{"id":"7b888e7e-c0c4-479e-b6ee-5f4b561d409b", "isDeleted:":"true", "version":"1683789187939"}}
{"logTime": "0515/092505", "correlationVector":"Co6ZfwIXeMsoC+x3oabx6p.198","action":"GetUpdates", "result":"DeleteReceived", "context":{"id":"05199829-9f69-4bb0-a8bd-0bd3bbdd9b57", "isDeleted:":"true", "version":"1683789187940"}}
{"logTime": "0515/092505", "correlationVector":"Co6ZfwIXeMsoC+x3oabx6p.199","action":"GetUpdates", "result":"DeleteReceived", "context":{"id":"10821567-4db9-47a4-85bc-248192b886b1", "isDeleted:":"true", "version":"1683789187941"}}
{"logTime": "0515/092505", "correlationVector":"Co6ZfwIXeMsoC+x3oabx6p.200","action":"GetUpdates", "result":"DeleteReceived", "context":{"id":"22357ea3-3376-4e4a-8e05-f7c103ab409f", "isDeleted:":"true", "version":"1683789187942"}}
{"logTime": "0515/092505", "correlationVector":"Co6ZfwIXeMsoC+x3oabx6p.201","action":"GetUpdates", "result":"DeleteReceived", "context":{"id":"3d6e8760-70a7-42b6-9a82-f36a856fd9ee", "isDeleted:":"true", "version":"1683789187943"}}
{"logTime": "0515/092505", "correlationVector":"Co6ZfwIXeMsoC+x3oabx6p.202","action":"GetUpdates", "result":"DeleteReceived", "context":{"id":"52b24796-0055-4dac-acd6-2004ffa31b62", "isDeleted:":"true", "version":"1683789187944"}}
{"logTime": "0515/092505", "correlationVector":"Co6ZfwIXeMsoC+x3oabx6p.203","action":"GetUpdates", "result":"DeleteReceived", "context":{"id":"5754136a-4610-43d0-9129-6d9f28e44dfa", "isDeleted:":"true", "version":"1683789187946"}}
{"logTime": "0515/092505", "correlationVector":"Co6ZfwIXeMsoC+x3oabx6p.204","action":"GetUpdates", "result":"DeleteReceived", "context":{"id":"5a75e1a7-1e13-43b9-b0eb-4c61ff06ad14", "isDeleted:":"true", "version":"1683789187947"}}
{"logTime": "0515/092505", "correlationVector":"Co6ZfwIXeMsoC+x3oabx6p.205","action":"GetUpdates", "result":"DeleteReceived", "context":{"id":"ad3ebdd2-bcea-4563-a4ac-2c51799e9c2e", "isDeleted:":"true", "version":"1683789187948"}}
{"logTime": "0515/092505", "correlationVector":"Co6ZfwIXeMsoC+x3oabx6p.206","action":"GetUpdates", "result":"DeleteReceived", "context":{"id":"1af98daf-be94-4c06-873c-854e2cf67a6c", "isDeleted:":"true", "version":"1683789187950"}}
{"logTime": "0515/092505", "correlationVector":"Co6ZfwIXeMsoC+x3oabx6p.207","action":"GetUpdates", "result":"DeleteReceived", "context":{"id":"95eb61f6-9152-4488-be98-c0ea05614275", "isDeleted:":"true", "version":"1683789187951"}}
{"logTime": "0515/092505", "correlationVector":"Co6ZfwIXeMsoC+x3oabx6p.208","action":"GetUpdates", "result":"DeleteReceived", "context":{"id":"a7aade74-dc82-4aab-bab3-2d2f9e7abc3d", "isDeleted:":"true", "version":"1683791743720"}}
{"logTime": "0515/092505", "correlationVector":"Co6ZfwIXeMsoC+x3oabx6p.209","action":"GetUpdates", "result":"DeleteReceived", "context":{"id":"bdd921ef-f6b8-42da-9b99-6d0f47c2d70a", "isDeleted:":"true", "version":"1683792770704"}}
{"logTime": "0515/092505", "correlationVector":"Co6ZfwIXeMsoC+x3oabx6p.210","action":"GetUpdates", "result":"DeleteReceived", "context":{"id":"d8ac821c-e3d9-4b51-b4dd-1b038a563504", "isDeleted:":"true", "version":"1683807212851"}}
{"logTime": "0515/092505", "correlationVector":"Co6ZfwIXeMsoC+x3oabx6p.211","action":"GetUpdates", "result":"DeleteReceived", "context":{"id":"611dde0e-6a75-4968-aa8e-e5b9b233f731", "isDeleted:":"true", "version":"1683807212852"}}
{"logTime": "0515/092505", "correlationVector":"Co6ZfwIXeMsoC+x3oabx6p.212","action":"GetUpdates", "result":"DeleteReceived", "context":{"id":"f4019e10-7b73-40c3-85dc-9c178a821f24", "isDeleted:":"true", "version":"1683807212853"}}
{"logTime": "0515/092505", "correlationVector":"Co6ZfwIXeMsoC+x3oabx6p.213","action":"GetUpdates", "result":"DeleteReceived", "context":{"id":"9f26594a-c71b-4ac1-9299-6ac345038bac", "isDeleted:":"true", "version":"1683807212855"}}
{"logTime": "0515/092505", "correlationVector":"Co6ZfwIXeMsoC+x3oabx6p.214","action":"GetUpdates", "result":"DeleteReceived", "context":{"id":"3a616f02-f648-4379-95ba-a780168f7d3e", "isDeleted:":"true", "version":"1683807212856"}}
{"logTime": "0515/092505", "correlationVector":"Co6ZfwIXeMsoC+x3oabx6p.215","action":"GetUpdates", "result":"DeleteReceived", "context":{"id":"031bea1f-2a8a-4abc-bed8-159fafedc146", "isDeleted:":"true", "version":"1683807212857"}}
{"logTime": "0515/092505", "correlationVector":"Co6ZfwIXeMsoC+x3oabx6p.216","action":"GetUpdates", "result":"DeleteReceived", "context":{"id":"6b48244a-68bc-478a-aec2-7abb4fc3d392", "isDeleted:":"true", "version":"1683811093193"}}
{"logTime": "0515/092505", "correlationVector":"Co6ZfwIXeMsoC+x3oabx6p.217","action":"GetUpdates", "result":"DeleteReceived", "context":{"id":"e5b811e0-a33c-4c6d-a0ef-aad2d71272d0", "isDeleted:":"true", "version":"1683811430323"}}
{"logTime": "0515/092505", "correlationVector":"Co6ZfwIXeMsoC+x3oabx6p.218","action":"GetUpdates", "result":"DeleteReceived", "context":{"id":"74c01695-bc31-4e37-913a-e10bdad20052", "isDeleted:":"true", "version":"1683811430324"}}
{"logTime": "0515/092505", "correlationVector":"Co6ZfwIXeMsoC+x3oabx6p.219","action":"GetUpdates", "result":"DeleteReceived", "context":{"id":"4b66df53-54c3-4aaa-9f49-32b9c2b1a928", "isDeleted:":"true", "version":"1683811430325"}}
{"logTime": "0515/092505", "correlationVector":"Co6ZfwIXeMsoC+x3oabx6p.220","action":"GetUpdates", "result":"DeleteReceived", "context":{"id":"f7e15525-cc4b-49b6-850f-620719d2c07c", "isDeleted:":"true", "version":"1683811430326"}}
{"logTime": "0515/092505", "correlationVector":"Co6ZfwIXeMsoC+x3oabx6p.221","action":"GetUpdates", "result":"DeleteReceived", "context":{"id":"b461a0e4-5659-451e-9eee-f176f05d2080", "isDeleted:":"true", "version":"1683811430327"}}
{"logTime": "0515/092505", "correlationVector":"Co6ZfwIXeMsoC+x3oabx6p.222","action":"GetUpdates", "result":"DeleteReceived", "context":{"id":"cf7ed589-31dd-4f41-ae0d-8bafad1f7e15", "isDeleted:":"true", "version":"1683811430328"}}
{"logTime": "0515/092505", "correlationVector":"Co6ZfwIXeMsoC+x3oabx6p.223","action":"GetUpdates Response", "result":"SERVER_MORE_TO_DOWNLOAD", "context":Received 250 update(s).  Some updates remain.}
{"logTime": "0515/092505", "correlationVector":"jsqt6zA3nAGBLm3FRpF9my","action":"Normal GetUpdate request", "result":"", "context":cV=jsqt6zA3nAGBLm3FRpF9my
Nudged types: Sessions, Device Info, User Consents
Refresh requested types: Bookmarks, Preferences, Autofill Custom Data, Typed URLs, Extensions, Sessions, Extension settings, History Delete Directives, Device Info, User Consents, Send Tab To Self, Web Apps, Collection, Edge E Drop, Encryption Keys}
{"logTime": "0515/092506", "correlationVector":"jsqt6zA3nAGBLm3FRpF9my.1","action":"SyncServerConnectionManagerRequest", "result":"SYNC_SERVER_OK", "context":{"environment":"Prod_EastAsia_000d", "migrationStage":"NotStarted", "server":"GENERAL01000011"}}
{"logTime": "0515/092506", "correlationVector":"jsqt6zA3nAGBLm3FRpF9my.2","action":"GetUpdates", "result":"DeleteReceived", "context":{"id":"30fa4e53-9337-4975-9d55-4665f3fec4ad", "isDeleted:":"true", "version":"1683811581049"}}
{"logTime": "0515/092506", "correlationVector":"jsqt6zA3nAGBLm3FRpF9my.3","action":"GetUpdates", "result":"DeleteReceived", "context":{"id":"6d5d40a5-0348-40e7-afa4-178ce741f83a", "isDeleted:":"true", "version":"1683811974015"}}
{"logTime": "0515/092506", "correlationVector":"jsqt6zA3nAGBLm3FRpF9my.4","action":"GetUpdates", "result":"DeleteReceived", "context":{"id":"520555da-0af9-47a6-9044-8728b91c0fd6", "isDeleted:":"true", "version":"1683812519704"}}
{"logTime": "0515/092506", "correlationVector":"jsqt6zA3nAGBLm3FRpF9my.5","action":"GetUpdates", "result":"DeleteReceived", "context":{"id":"f069138f-30c6-4e2b-bb94-3c8b08a9ebfc", "isDeleted:":"true", "version":"1683812628425"}}
{"logTime": "0515/092506", "correlationVector":"jsqt6zA3nAGBLm3FRpF9my.6","action":"GetUpdates", "result":"DeleteReceived", "context":{"id":"14fbede0-13b1-4ac7-9179-f476dc0d7519", "isDeleted:":"true", "version":"1683812749519"}}
{"logTime": "0515/092506", "correlationVector":"jsqt6zA3nAGBLm3FRpF9my.7","action":"GetUpdates", "result":"DeleteReceived", "context":{"id":"03cf5631-6373-4d5f-99fd-b8fb83d82c4f", "isDeleted:":"true", "version":"1683813217995"}}
{"logTime": "0515/092506", "correlationVector":"jsqt6zA3nAGBLm3FRpF9my.8","action":"GetUpdates", "result":"DeleteReceived", "context":{"id":"00db8dda-a889-4058-adff-baca8857187b", "isDeleted:":"true", "version":"1683816227175"}}
{"logTime": "0515/092506", "correlationVector":"jsqt6zA3nAGBLm3FRpF9my.9","action":"GetUpdates", "result":"DeleteReceived", "context":{"id":"56cd64fb-0455-496f-907b-7fd53f7a917b", "isDeleted:":"true", "version":"1683816922689"}}
{"logTime": "0515/092506", "correlationVector":"jsqt6zA3nAGBLm3FRpF9my.10","action":"GetUpdates", "result":"DeleteReceived", "context":{"id":"b3ed3775-90c1-4646-afd3-c4222ef28637", "isDeleted:":"true", "version":"1683816922691"}}
{"logTime": "0515/092506", "correlationVector":"jsqt6zA3nAGBLm3FRpF9my.11","action":"GetUpdates", "result":"DeleteReceived", "context":{"id":"e2396a6f-9f21-4fe0-9f7a-fa49b4638906", "isDeleted:":"true", "version":"1683816953954"}}
{"logTime": "0515/092506", "correlationVector":"jsqt6zA3nAGBLm3FRpF9my.12","action":"GetUpdates", "result":"DeleteReceived", "context":{"id":"47c4fddb-5759-483f-924b-913f3ec109fc", "isDeleted:":"true", "version":"1683816953955"}}
{"logTime": "0515/092506", "correlationVector":"jsqt6zA3nAGBLm3FRpF9my.13","action":"GetUpdates", "result":"DeleteReceived", "context":{"id":"c85394a1-82c3-45f1-ace1-d9aa65cd5468", "isDeleted:":"true", "version":"1683825383851"}}
{"logTime": "0515/092506", "correlationVector":"jsqt6zA3nAGBLm3FRpF9my.14","action":"GetUpdates", "result":"DeleteReceived", "context":{"id":"0d410d63-1673-42d2-b8fc-65afc308f4bc", "isDeleted:":"true", "version":"1683825383852"}}
{"logTime": "0515/092506", "correlationVector":"jsqt6zA3nAGBLm3FRpF9my.15","action":"GetUpdates", "result":"DeleteReceived", "context":{"id":"bb59dac1-1d9c-4804-a2b4-5bdc90c41877", "isDeleted:":"true", "version":"1683825383853"}}
{"logTime": "0515/092506", "correlationVector":"jsqt6zA3nAGBLm3FRpF9my.16","action":"GetUpdates", "result":"DeleteReceived", "context":{"id":"2b5467ce-b708-4479-ac79-44ec1d9c2f35", "isDeleted:":"true", "version":"1683825383860"}}
{"logTime": "0515/092506", "correlationVector":"jsqt6zA3nAGBLm3FRpF9my.17","action":"GetUpdates", "result":"DeleteReceived", "context":{"id":"5e3f263b-386a-460a-ab03-e1ee6ae933a4", "isDeleted:":"true", "version":"1683825383862"}}
{"logTime": "0515/092506", "correlationVector":"jsqt6zA3nAGBLm3FRpF9my.18","action":"GetUpdates", "result":"DeleteReceived", "context":{"id":"cb77cda3-be58-4f7c-a2d8-b4b763cb7407", "isDeleted:":"true", "version":"1683825414173"}}
{"logTime": "0515/092506", "correlationVector":"jsqt6zA3nAGBLm3FRpF9my.19","action":"GetUpdates", "result":"DeleteReceived", "context":{"id":"62698edb-e22f-4299-8705-e3ad0d5ff618", "isDeleted:":"true", "version":"1683825414178"}}
{"logTime": "0515/092506", "correlationVector":"jsqt6zA3nAGBLm3FRpF9my.20","action":"GetUpdates", "result":"DeleteReceived", "context":{"id":"02c56801-1061-438d-a084-a2f626376cd4", "isDeleted:":"true", "version":"1683826218929"}}
{"logTime": "0515/092506", "correlationVector":"jsqt6zA3nAGBLm3FRpF9my.21","action":"GetUpdates", "result":"DeleteReceived", "context":{"id":"25e1aa70-f5bc-4680-b6b0-b0fd4bc6932c", "isDeleted:":"true", "version":"1683828085725"}}
{"logTime": "0515/092506", "correlationVector":"jsqt6zA3nAGBLm3FRpF9my.22","action":"GetUpdates", "result":"DeleteReceived", "context":{"id":"bcb657f1-b13e-4612-94a6-b2c7c7d08bc9", "isDeleted:":"true", "version":"1683836411220"}}
{"logTime": "0515/092506", "correlationVector":"jsqt6zA3nAGBLm3FRpF9my.23","action":"GetUpdates", "result":"DeleteReceived", "context":{"id":"0c878c19-11f3-4a96-a37d-c4895ad74168", "isDeleted:":"true", "version":"1683912054239"}}
{"logTime": "0515/092506", "correlationVector":"jsqt6zA3nAGBLm3FRpF9my.24","action":"GetUpdates", "result":"DeleteReceived", "context":{"id":"730e4363-e4dd-4529-8a74-a52c144ca949", "isDeleted:":"true", "version":"1683912054240"}}
{"logTime": "0515/092506", "correlationVector":"jsqt6zA3nAGBLm3FRpF9my.25","action":"GetUpdates", "result":"DeleteReceived", "context":{"id":"9ab08100-38b0-4d9a-95b2-d0107fe96e01", "isDeleted:":"true", "version":"1683912054241"}}
{"logTime": "0515/092506", "correlationVector":"jsqt6zA3nAGBLm3FRpF9my.26","action":"GetUpdates", "result":"DeleteReceived", "context":{"id":"43181b01-8c8d-400f-a5b5-c9cccb6952ce", "isDeleted:":"true", "version":"1683912054242"}}
{"logTime": "0515/092506", "correlationVector":"jsqt6zA3nAGBLm3FRpF9my.27","action":"GetUpdates", "result":"DeleteReceived", "context":{"id":"d0b482be-e8aa-48b1-86c0-44be6db5706e", "isDeleted:":"true", "version":"1683912054243"}}
{"logTime": "0515/092506", "correlationVector":"jsqt6zA3nAGBLm3FRpF9my.28","action":"GetUpdates", "result":"DeleteReceived", "context":{"id":"5c15721e-2e54-4ef6-8d04-8aa71592acd0", "isDeleted:":"true", "version":"1683912054244"}}
{"logTime": "0515/092506", "correlationVector":"jsqt6zA3nAGBLm3FRpF9my.29","action":"GetUpdates", "result":"DeleteReceived", "context":{"id":"2d439ba9-23ee-4efc-b1f4-fdce5441f86a", "isDeleted:":"true", "version":"1683912054246"}}
{"logTime": "0515/092506", "correlationVector":"jsqt6zA3nAGBLm3FRpF9my.30","action":"GetUpdates", "result":"DeleteReceived", "context":{"id":"fa02b46b-62d6-427e-8950-d002bcbc6985", "isDeleted:":"true", "version":"1683916133579"}}
{"logTime": "0515/092506", "correlationVector":"jsqt6zA3nAGBLm3FRpF9my.31","action":"GetUpdates", "result":"DeleteReceived", "context":{"id":"25973019-c7a3-471d-a3ec-fe70a73c67b5", "isDeleted:":"true", "version":"1683916133580"}}
{"logTime": "0515/092506", "correlationVector":"jsqt6zA3nAGBLm3FRpF9my.32","action":"GetUpdates", "result":"DeleteReceived", "context":{"id":"6c8de162-4a6c-45b2-a98f-eba6275e6e97", "isDeleted:":"true", "version":"1683916376048"}}
{"logTime": "0515/092506", "correlationVector":"jsqt6zA3nAGBLm3FRpF9my.33","action":"GetUpdates", "result":"DeleteReceived", "context":{"id":"0f989a94-cb0d-43a7-bed5-e1afe0819d31", "isDeleted:":"true", "version":"1683916376051"}}
{"logTime": "0515/092506", "correlationVector":"jsqt6zA3nAGBLm3FRpF9my.34","action":"GetUpdates", "result":"DeleteReceived", "context":{"id":"1940798e-6a8b-4fd4-bc70-09e176a1dbf1", "isDeleted:":"true", "version":"1683916518144"}}
{"logTime": "0515/092506", "correlationVector":"jsqt6zA3nAGBLm3FRpF9my.35","action":"GetUpdates", "result":"DeleteReceived", "context":{"id":"c87419c6-742d-4e85-b4ee-701940ad6919", "isDeleted:":"true", "version":"1683916518146"}}
{"logTime": "0515/092506", "correlationVector":"jsqt6zA3nAGBLm3FRpF9my.36","action":"GetUpdates", "result":"DeleteReceived", "context":{"id":"4a685bb6-f73b-4ebb-a74b-f57de7516f57", "isDeleted:":"true", "version":"1683917569274"}}
{"logTime": "0515/092506", "correlationVector":"jsqt6zA3nAGBLm3FRpF9my.37","action":"GetUpdates", "result":"DeleteReceived", "context":{"id":"60239c88-6a2b-49fd-9d10-672e9cdf0946", "isDeleted:":"true", "version":"1683961462358"}}
{"logTime": "0515/092506", "correlationVector":"jsqt6zA3nAGBLm3FRpF9my.38","action":"GetUpdates", "result":"DeleteReceived", "context":{"id":"f8f05f64-211b-41eb-a7df-251f85c5a966", "isDeleted:":"true", "version":"1683961462359"}}
{"logTime": "0515/092506", "correlationVector":"jsqt6zA3nAGBLm3FRpF9my.39","action":"GetUpdates", "result":"DeleteReceived", "context":{"id":"15c7e38a-570e-4ad0-b2cf-449844cdc3af", "isDeleted:":"true", "version":"1683961462361"}}
{"logTime": "0515/092506", "correlationVector":"jsqt6zA3nAGBLm3FRpF9my.40","action":"GetUpdates", "result":"DeleteReceived", "context":{"id":"f5b9357e-5abd-435d-a486-2a15784f0486", "isDeleted:":"true", "version":"1683961462362"}}
{"logTime": "0515/092506", "correlationVector":"jsqt6zA3nAGBLm3FRpF9my.41","action":"GetUpdates", "result":"DeleteReceived", "context":{"id":"615b8502-dc38-4585-8d5e-1dbb3ecdf277", "isDeleted:":"true", "version":"1683961462363"}}
{"logTime": "0515/092506", "correlationVector":"jsqt6zA3nAGBLm3FRpF9my.42","action":"GetUpdates", "result":"DeleteReceived", "context":{"id":"a238f0f6-d6cb-4e8b-8e22-7ea0554bd02e", "isDeleted:":"true", "version":"1683963118728"}}
{"logTime": "0515/092506", "correlationVector":"jsqt6zA3nAGBLm3FRpF9my.43","action":"GetUpdates", "result":"DeleteReceived", "context":{"id":"f34b63de-5cc3-4831-a8c8-2b431da0e459", "isDeleted:":"true", "version":"1683969124758"}}
{"logTime": "0515/092506", "correlationVector":"jsqt6zA3nAGBLm3FRpF9my.44","action":"GetUpdates", "result":"DeleteReceived", "context":{"id":"cdc9e8b5-3aa3-4c55-8ade-5cebed6f9d19", "isDeleted:":"true", "version":"1683970957130"}}
{"logTime": "0515/092506", "correlationVector":"jsqt6zA3nAGBLm3FRpF9my.45","action":"GetUpdates", "result":"DeleteReceived", "context":{"id":"43e9250c-0b90-4374-a772-256c35d301d2", "isDeleted:":"true", "version":"1683973589848"}}
{"logTime": "0515/092506", "correlationVector":"jsqt6zA3nAGBLm3FRpF9my.46","action":"GetUpdates", "result":"DeleteReceived", "context":{"id":"5a73cf65-5b8b-4824-abb6-d949c8bb066c", "isDeleted:":"true", "version":"1683973589849"}}
{"logTime": "0515/092506", "correlationVector":"jsqt6zA3nAGBLm3FRpF9my.47","action":"GetUpdates", "result":"DeleteReceived", "context":{"id":"80928787-8b78-465f-b418-125ebdc23548", "isDeleted:":"true", "version":"1683978230026"}}
{"logTime": "0515/092506", "correlationVector":"jsqt6zA3nAGBLm3FRpF9my.48","action":"GetUpdates", "result":"DeleteReceived", "context":{"id":"351fabf4-1743-408f-94ef-8014d40c6df7", "isDeleted:":"true", "version":"1683978779130"}}
{"logTime": "0515/092506", "correlationVector":"jsqt6zA3nAGBLm3FRpF9my.49","action":"GetUpdates", "result":"DeleteReceived", "context":{"id":"865079e9-f664-4d31-a071-f03b25f81a2e", "isDeleted:":"true", "version":"1683978779132"}}
{"logTime": "0515/092506", "correlationVector":"jsqt6zA3nAGBLm3FRpF9my.50","action":"GetUpdates", "result":"DeleteReceived", "context":{"id":"d42f419d-22ad-447c-b982-65f64bbd1b30", "isDeleted:":"true", "version":"1683979104015"}}
{"logTime": "0515/092506", "correlationVector":"jsqt6zA3nAGBLm3FRpF9my.51","action":"GetUpdates", "result":"DeleteReceived", "context":{"id":"3b9cd3aa-865b-42fc-a412-233a3729d168", "isDeleted:":"true", "version":"1683979172098"}}
{"logTime": "0515/092506", "correlationVector":"jsqt6zA3nAGBLm3FRpF9my.52","action":"GetUpdates", "result":"DeleteReceived", "context":{"id":"30267060-56d4-498c-a819-d9fe17e0855e", "isDeleted:":"true", "version":"1683979172100"}}
{"logTime": "0515/092506", "correlationVector":"jsqt6zA3nAGBLm3FRpF9my.53","action":"GetUpdates", "result":"DeleteReceived", "context":{"id":"01029193-194a-4c4b-b602-7e538ac06634", "isDeleted:":"true", "version":"1683979785977"}}
{"logTime": "0515/092506", "correlationVector":"jsqt6zA3nAGBLm3FRpF9my.54","action":"GetUpdates", "result":"DeleteReceived", "context":{"id":"616bee05-f04f-40a6-99c5-fd363f3fc418", "isDeleted:":"true", "version":"1683980257810"}}
{"logTime": "0515/092506", "correlationVector":"jsqt6zA3nAGBLm3FRpF9my.55","action":"GetUpdates", "result":"DeleteReceived", "context":{"id":"021663f1-a370-40a1-aae5-1986338b91c5", "isDeleted:":"true", "version":"1683980292539"}}
{"logTime": "0515/092506", "correlationVector":"jsqt6zA3nAGBLm3FRpF9my.56","action":"GetUpdates", "result":"DeleteReceived", "context":{"id":"adab7506-0f86-4ee2-b5f3-2891f573c2b4", "isDeleted:":"true", "version":"1683980332858"}}
{"logTime": "0515/092506", "correlationVector":"jsqt6zA3nAGBLm3FRpF9my.57","action":"GetUpdates", "result":"DeleteReceived", "context":{"id":"2d3a4bd1-4e68-4a30-9530-4bfc4682ed18", "isDeleted:":"true", "version":"1683980377730"}}
{"logTime": "0515/092506", "correlationVector":"jsqt6zA3nAGBLm3FRpF9my.58","action":"GetUpdates", "result":"DeleteReceived", "context":{"id":"55c8de9a-3825-4a0f-af37-a772731c4994", "isDeleted:":"true", "version":"1683983894742"}}
{"logTime": "0515/092506", "correlationVector":"jsqt6zA3nAGBLm3FRpF9my.59","action":"GetUpdates", "result":"DeleteReceived", "context":{"id":"eac7f9db-a99b-43a9-85cb-ea590a51b89a", "isDeleted:":"true", "version":"1683990261468"}}
{"logTime": "0515/092506", "correlationVector":"jsqt6zA3nAGBLm3FRpF9my.60","action":"GetUpdates", "result":"DeleteReceived", "context":{"id":"4325f889-e4fd-4c04-b399-0a2d978bb15a", "isDeleted:":"true", "version":"1683990885097"}}
{"logTime": "0515/092506", "correlationVector":"jsqt6zA3nAGBLm3FRpF9my.61","action":"GetUpdates", "result":"DeleteReceived", "context":{"id":"a4e4f4ef-e286-4af8-9f96-66789eb249dc", "isDeleted:":"true", "version":"1683991193664"}}
{"logTime": "0515/092506", "correlationVector":"jsqt6zA3nAGBLm3FRpF9my.62","action":"GetUpdates", "result":"DeleteReceived", "context":{"id":"6fa81ae2-7a54-458e-af07-8351e50eb6cf", "isDeleted:":"true", "version":"1683991193665"}}
{"logTime": "0515/092506", "correlationVector":"jsqt6zA3nAGBLm3FRpF9my.63","action":"GetUpdates", "result":"DeleteReceived", "context":{"id":"6ccc55ff-326a-4b93-8b6d-2f2c127cbb99", "isDeleted:":"true", "version":"1683991193666"}}
{"logTime": "0515/092506", "correlationVector":"jsqt6zA3nAGBLm3FRpF9my.64","action":"GetUpdates", "result":"DeleteReceived", "context":{"id":"6b4af16e-eb8c-4a5c-8bc5-ee10c46cb734", "isDeleted:":"true", "version":"1683991193669"}}
{"logTime": "0515/092506", "correlationVector":"jsqt6zA3nAGBLm3FRpF9my.65","action":"GetUpdates", "result":"DeleteReceived", "context":{"id":"c62dbcc5-74e6-4d56-85d3-4cd32379102e", "isDeleted:":"true", "version":"1683991491020"}}
{"logTime": "0515/092506", "correlationVector":"jsqt6zA3nAGBLm3FRpF9my.66","action":"GetUpdates", "result":"DeleteReceived", "context":{"id":"b5f66cb0-8dd5-47f3-9def-38c486f26fe5", "isDeleted:":"true", "version":"1683994670792"}}
{"logTime": "0515/092506", "correlationVector":"jsqt6zA3nAGBLm3FRpF9my.67","action":"GetUpdates", "result":"DeleteReceived", "context":{"id":"7149ef86-784b-41ef-b400-cc408216db41", "isDeleted:":"true", "version":"1684000307531"}}
{"logTime": "0515/092506", "correlationVector":"jsqt6zA3nAGBLm3FRpF9my.68","action":"GetUpdates", "result":"DeleteReceived", "context":{"id":"44ef8966-7a7f-4965-b758-b41e822dc3f4", "isDeleted:":"true", "version":"1684000307532"}}
{"logTime": "0515/092506", "correlationVector":"jsqt6zA3nAGBLm3FRpF9my.69","action":"GetUpdates", "result":"DeleteReceived", "context":{"id":"da77ac86-7a94-44a9-b8fc-b056bcd401ab", "isDeleted:":"true", "version":"1684000307533"}}
{"logTime": "0515/092506", "correlationVector":"jsqt6zA3nAGBLm3FRpF9my.70","action":"GetUpdates", "result":"DeleteReceived", "context":{"id":"b9833039-75ef-40be-87d6-d37ee6a9ae81", "isDeleted:":"true", "version":"1684000307534"}}
{"logTime": "0515/092506", "correlationVector":"jsqt6zA3nAGBLm3FRpF9my.71","action":"GetUpdates", "result":"DeleteReceived", "context":{"id":"69b5db0c-d909-4f27-9f2e-0033e2b8d7e9", "isDeleted:":"true", "version":"1684000307535"}}
{"logTime": "0515/092506", "correlationVector":"jsqt6zA3nAGBLm3FRpF9my.72","action":"GetUpdates", "result":"DeleteReceived", "context":{"id":"360cd12f-7dea-4c63-b949-18a0b908f207", "isDeleted:":"true", "version":"1684000307536"}}
{"logTime": "0515/092506", "correlationVector":"jsqt6zA3nAGBLm3FRpF9my.73","action":"GetUpdates", "result":"DeleteReceived", "context":{"id":"631d4ab4-5043-4eae-9e54-5907c1e34cfe", "isDeleted:":"true", "version":"1684000313988"}}
{"logTime": "0515/092506", "correlationVector":"jsqt6zA3nAGBLm3FRpF9my.74","action":"GetUpdates", "result":"DeleteReceived", "context":{"id":"339213ff-218f-4496-bfe9-c772e4ad850d", "isDeleted:":"true", "version":"1684005199850"}}
{"logTime": "0515/092506", "correlationVector":"jsqt6zA3nAGBLm3FRpF9my.75","action":"GetUpdates", "result":"DeleteReceived", "context":{"id":"469cf8d8-7332-4bfc-bc5a-ebf523f228e0", "isDeleted:":"true", "version":"1684005274072"}}
{"logTime": "0515/092506", "correlationVector":"jsqt6zA3nAGBLm3FRpF9my.76","action":"GetUpdates", "result":"DeleteReceived", "context":{"id":"79a0ff21-3397-40b9-885f-ed8957c5fcf2", "isDeleted:":"true", "version":"1684006239529"}}
{"logTime": "0515/092506", "correlationVector":"jsqt6zA3nAGBLm3FRpF9my.77","action":"GetUpdates", "result":"DeleteReceived", "context":{"id":"5d675fff-bd58-4082-ae97-42b8dec8183f", "isDeleted:":"true", "version":"1684054876182"}}
{"logTime": "0515/092506", "correlationVector":"jsqt6zA3nAGBLm3FRpF9my.78","action":"GetUpdates", "result":"DeleteReceived", "context":{"id":"4770d376-b2f8-4d2d-9718-57851921714f", "isDeleted:":"true", "version":"1684054876183"}}
{"logTime": "0515/092506", "correlationVector":"jsqt6zA3nAGBLm3FRpF9my.79","action":"GetUpdates", "result":"DeleteReceived", "context":{"id":"bed8df9d-a073-4713-aea6-cb4856ba9f28", "isDeleted:":"true", "version":"1684054876184"}}
{"logTime": "0515/092506", "correlationVector":"jsqt6zA3nAGBLm3FRpF9my.80","action":"GetUpdates", "result":"DeleteReceived", "context":{"id":"2de3a01a-a04c-46da-809e-e5e13f040b8e", "isDeleted:":"true", "version":"1684054876186"}}
{"logTime": "0515/092506", "correlationVector":"jsqt6zA3nAGBLm3FRpF9my.81","action":"GetUpdates", "result":"DeleteReceived", "context":{"id":"7c40e989-6de9-4752-a8cb-f5afa943cae3", "isDeleted:":"true", "version":"1684054876187"}}
{"logTime": "0515/092506", "correlationVector":"jsqt6zA3nAGBLm3FRpF9my.82","action":"GetUpdates", "result":"DeleteReceived", "context":{"id":"6b4e52ba-9358-4399-9bff-a27ae76cf0cc", "isDeleted:":"true", "version":"1684054876188"}}
{"logTime": "0515/092506", "correlationVector":"jsqt6zA3nAGBLm3FRpF9my.83","action":"GetUpdates", "result":"DeleteReceived", "context":{"id":"b01c6280-a340-4b22-ac28-e8ac9a702e58", "isDeleted:":"true", "version":"1684054876189"}}
{"logTime": "0515/092506", "correlationVector":"jsqt6zA3nAGBLm3FRpF9my.84","action":"GetUpdates", "result":"DeleteReceived", "context":{"id":"8c0cab81-c562-4db0-955c-3999e7f5e439", "isDeleted:":"true", "version":"1684054876190"}}
{"logTime": "0515/092506", "correlationVector":"jsqt6zA3nAGBLm3FRpF9my.85","action":"GetUpdates", "result":"DeleteReceived", "context":{"id":"ebc77659-2770-4b4d-83bb-7714e26dea69", "isDeleted:":"true", "version":"1684054876191"}}
{"logTime": "0515/092506", "correlationVector":"jsqt6zA3nAGBLm3FRpF9my.86","action":"GetUpdates", "result":"DeleteReceived", "context":{"id":"6583d6a2-70ae-4eec-b819-061f93f0eba8", "isDeleted:":"true", "version":"1684054876192"}}
{"logTime": "0515/092506", "correlationVector":"jsqt6zA3nAGBLm3FRpF9my.87","action":"GetUpdates", "result":"DeleteReceived", "context":{"id":"260503d3-9009-4766-97fc-b283c509a7f0", "isDeleted:":"true", "version":"1684054876193"}}
{"logTime": "0515/092506", "correlationVector":"jsqt6zA3nAGBLm3FRpF9my.88","action":"GetUpdates", "result":"DeleteReceived", "context":{"id":"9e41a86e-9b9b-4f5f-b7ae-88a682e04cf8", "isDeleted:":"true", "version":"1684054876194"}}
{"logTime": "0515/092506", "correlationVector":"jsqt6zA3nAGBLm3FRpF9my.89","action":"GetUpdates", "result":"DeleteReceived", "context":{"id":"41416f11-ca33-4c1d-b2eb-b111df9f5236", "isDeleted:":"true", "version":"1684054876195"}}
{"logTime": "0515/092506", "correlationVector":"jsqt6zA3nAGBLm3FRpF9my.90","action":"GetUpdates", "result":"DeleteReceived", "context":{"id":"cf050a08-e008-4ac3-98fb-5160e9265bbd", "isDeleted:":"true", "version":"1684054876196"}}
{"logTime": "0515/092506", "correlationVector":"jsqt6zA3nAGBLm3FRpF9my.91","action":"GetUpdates", "result":"DeleteReceived", "context":{"id":"134c8669-8bdb-456c-a425-d061d0d7a2a2", "isDeleted:":"true", "version":"1684054876197"}}
{"logTime": "0515/092506", "correlationVector":"jsqt6zA3nAGBLm3FRpF9my.92","action":"GetUpdates", "result":"DeleteReceived", "context":{"id":"cdeaa1b9-3843-47ba-b523-d128974fe709", "isDeleted:":"true", "version":"1684054876199"}}
{"logTime": "0515/092506", "correlationVector":"jsqt6zA3nAGBLm3FRpF9my.93","action":"GetUpdates", "result":"DeleteReceived", "context":{"id":"921092b7-801e-4675-b5fc-1afdcb9c410c", "isDeleted:":"true", "version":"1684054876200"}}
{"logTime": "0515/092506", "correlationVector":"jsqt6zA3nAGBLm3FRpF9my.94","action":"GetUpdates", "result":"DeleteReceived", "context":{"id":"be5c0eab-4dbb-49a9-90c6-33c1e09bb7a3", "isDeleted:":"true", "version":"1684054877638"}}
{"logTime": "0515/092506", "correlationVector":"jsqt6zA3nAGBLm3FRpF9my.95","action":"GetUpdates", "result":"DeleteReceived", "context":{"id":"6de98e2f-6f32-48f3-927b-06b8a3af8d13", "isDeleted:":"true", "version":"1684054877639"}}
{"logTime": "0515/092506", "correlationVector":"jsqt6zA3nAGBLm3FRpF9my.96","action":"GetUpdates", "result":"DeleteReceived", "context":{"id":"5b078cf8-9b46-4e56-bf75-b178b8451a25", "isDeleted:":"true", "version":"1684054877640"}}
{"logTime": "0515/092506", "correlationVector":"jsqt6zA3nAGBLm3FRpF9my.97","action":"GetUpdates", "result":"DeleteReceived", "context":{"id":"9253faa1-9bf6-4bd9-8223-52051bb727c2", "isDeleted:":"true", "version":"1684054877641"}}
{"logTime": "0515/092506", "correlationVector":"jsqt6zA3nAGBLm3FRpF9my.98","action":"GetUpdates", "result":"DeleteReceived", "context":{"id":"46e03b0f-2867-418a-a1f3-b8da3a3a4cb6", "isDeleted:":"true", "version":"1684056599734"}}
{"logTime": "0515/092506", "correlationVector":"jsqt6zA3nAGBLm3FRpF9my.99","action":"GetUpdates", "result":"DeleteReceived", "context":{"id":"aac0214b-4415-40fb-b55f-d590797837d6", "isDeleted:":"true", "version":"1684056820097"}}
{"logTime": "0515/092506", "correlationVector":"jsqt6zA3nAGBLm3FRpF9my.100","action":"GetUpdates", "result":"DeleteReceived", "context":{"id":"972567b1-fbf3-41a0-a65f-a63c875fd3ef", "isDeleted:":"true", "version":"1684058539922"}}
{"logTime": "0515/092506", "correlationVector":"jsqt6zA3nAGBLm3FRpF9my.101","action":"GetUpdates", "result":"DeleteReceived", "context":{"id":"6dacc154-4123-4c9b-868a-80fc06399ceb", "isDeleted:":"true", "version":"1684066794854"}}
{"logTime": "0515/092506", "correlationVector":"jsqt6zA3nAGBLm3FRpF9my.102","action":"GetUpdates", "result":"DeleteReceived", "context":{"id":"e66b85e8-aa1b-4650-9b51-2f510acdd87c", "isDeleted:":"true", "version":"1684067538035"}}
{"logTime": "0515/092506", "correlationVector":"jsqt6zA3nAGBLm3FRpF9my.103","action":"GetUpdates", "result":"DeleteReceived", "context":{"id":"48deab13-14b8-4237-af5c-f3959fe57f10", "isDeleted:":"true", "version":"1684067538036"}}
{"logTime": "0515/092506", "correlationVector":"jsqt6zA3nAGBLm3FRpF9my.104","action":"GetUpdates", "result":"DeleteReceived", "context":{"id":"f750ada6-32d9-4ba3-ae25-e3dab8930bd1", "isDeleted:":"true", "version":"1684069146042"}}
{"logTime": "0515/092506", "correlationVector":"jsqt6zA3nAGBLm3FRpF9my.105","action":"GetUpdates", "result":"DeleteReceived", "context":{"id":"5f7497b5-e313-455a-ab97-7967e42c3a48", "isDeleted:":"true", "version":"1684069312432"}}
{"logTime": "0515/092506", "correlationVector":"jsqt6zA3nAGBLm3FRpF9my.106","action":"GetUpdates", "result":"DeleteReceived", "context":{"id":"9ebc3671-64a3-417b-bf80-d9a8396622c6", "isDeleted:":"true", "version":"1684069489098"}}
{"logTime": "0515/092506", "correlationVector":"jsqt6zA3nAGBLm3FRpF9my.107","action":"GetUpdates", "result":"DeleteReceived", "context":{"id":"534c257a-b2d3-4549-8c3f-c6290d3390f1", "isDeleted:":"true", "version":"1684069836656"}}
{"logTime": "0515/092506", "correlationVector":"jsqt6zA3nAGBLm3FRpF9my.108","action":"GetUpdates", "result":"DeleteReceived", "context":{"id":"403f4a4e-0f6c-41f8-9395-30a62b5766e1", "isDeleted:":"true", "version":"1684070167138"}}
{"logTime": "0515/092506", "correlationVector":"jsqt6zA3nAGBLm3FRpF9my.109","action":"GetUpdates", "result":"DeleteReceived", "context":{"id":"4c7d7821-cbcf-4efe-8f6c-0c71eb5cf61a", "isDeleted:":"true", "version":"1684070205550"}}
{"logTime": "0515/092506", "correlationVector":"jsqt6zA3nAGBLm3FRpF9my.110","action":"GetUpdates", "result":"DeleteReceived", "context":{"id":"69612610-d91d-4391-8fdb-6e42e04070c9", "isDeleted:":"true", "version":"1684070239760"}}
{"logTime": "0515/092506", "correlationVector":"jsqt6zA3nAGBLm3FRpF9my.111","action":"GetUpdates", "result":"DeleteReceived", "context":{"id":"f96057ac-70a0-450a-b872-ffc4c8e1f48a", "isDeleted:":"true", "version":"1684070239761"}}
{"logTime": "0515/092506", "correlationVector":"jsqt6zA3nAGBLm3FRpF9my.112","action":"GetUpdates", "result":"DeleteReceived", "context":{"id":"f757f040-6f34-4083-ab0f-dab6c9b5d487", "isDeleted:":"true", "version":"1684070664687"}}
{"logTime": "0515/092506", "correlationVector":"jsqt6zA3nAGBLm3FRpF9my.113","action":"GetUpdates", "result":"DeleteReceived", "context":{"id":"dca6bb04-8419-4a11-8fdb-8aa2a274648e", "isDeleted:":"true", "version":"1684070664692"}}
{"logTime": "0515/092506", "correlationVector":"jsqt6zA3nAGBLm3FRpF9my.114","action":"GetUpdates", "result":"DeleteReceived", "context":{"id":"573d5fb5-a8c5-47ec-bd73-3f36c5ef04f4", "isDeleted:":"true", "version":"1684070664693"}}
{"logTime": "0515/092506", "correlationVector":"jsqt6zA3nAGBLm3FRpF9my.115","action":"GetUpdates", "result":"DeleteReceived", "context":{"id":"cb70d945-0ec4-4be6-a57b-4e1f14a90b13", "isDeleted:":"true", "version":"1684070664694"}}
{"logTime": "0515/092506", "correlationVector":"jsqt6zA3nAGBLm3FRpF9my.116","action":"GetUpdates", "result":"DeleteReceived", "context":{"id":"2bfb1e54-5738-466c-b2e8-1123192ce026", "isDeleted:":"true", "version":"1684070664695"}}
{"logTime": "0515/092506", "correlationVector":"jsqt6zA3nAGBLm3FRpF9my.117","action":"GetUpdates", "result":"DeleteReceived", "context":{"id":"43a9be34-26ad-4208-9c74-e1f1dbf090fc", "isDeleted:":"true", "version":"1684070664698"}}
{"logTime": "0515/092506", "correlationVector":"jsqt6zA3nAGBLm3FRpF9my.118","action":"GetUpdates", "result":"DeleteReceived", "context":{"id":"daba2f4c-2aad-47ba-9038-ce233b572018", "isDeleted:":"true", "version":"1684070664699"}}
{"logTime": "0515/092506", "correlationVector":"jsqt6zA3nAGBLm3FRpF9my.119","action":"GetUpdates", "result":"DeleteReceived", "context":{"id":"84771565-9335-42e1-8e6b-3c6ace9086a6", "isDeleted:":"true", "version":"1684070664701"}}
{"logTime": "0515/092506", "correlationVector":"jsqt6zA3nAGBLm3FRpF9my.120","action":"GetUpdates", "result":"DeleteReceived", "context":{"id":"f7bdbcbb-ef2d-47a6-8a8f-04baadbedd76", "isDeleted:":"true", "version":"1684070664704"}}
{"logTime": "0515/092506", "correlationVector":"jsqt6zA3nAGBLm3FRpF9my.121","action":"GetUpdates", "result":"DeleteReceived", "context":{"id":"064987aa-bda7-4fe8-b1ce-7ba053dd37a9", "isDeleted:":"true", "version":"1684070666354"}}
{"logTime": "0515/092506", "correlationVector":"jsqt6zA3nAGBLm3FRpF9my.122","action":"GetUpdates", "result":"DeleteReceived", "context":{"id":"f1a578f6-4857-4ea2-bcb7-4d3b04036dcf", "isDeleted:":"true", "version":"1684070666356"}}
{"logTime": "0515/092506", "correlationVector":"jsqt6zA3nAGBLm3FRpF9my.123","action":"GetUpdates", "result":"DeleteReceived", "context":{"id":"527422c6-d2e1-4a49-940d-5f0cf4a1a4ce", "isDeleted:":"true", "version":"1684070692868"}}
{"logTime": "0515/092506", "correlationVector":"jsqt6zA3nAGBLm3FRpF9my.124","action":"GetUpdates", "result":"DeleteReceived", "context":{"id":"e0697322-9439-4a56-956f-fd965457550f", "isDeleted:":"true", "version":"1684072365430"}}
{"logTime": "0515/092506", "correlationVector":"jsqt6zA3nAGBLm3FRpF9my.125","action":"GetUpdates", "result":"DeleteReceived", "context":{"id":"a927e371-9695-4492-8c27-9eeba67830f1", "isDeleted:":"true", "version":"1684072365431"}}
{"logTime": "0515/092506", "correlationVector":"jsqt6zA3nAGBLm3FRpF9my.126","action":"GetUpdates", "result":"DeleteReceived", "context":{"id":"687333a1-c6d8-4798-83ef-677afee83f3b", "isDeleted:":"true", "version":"1684072365435"}}
{"logTime": "0515/092506", "correlationVector":"jsqt6zA3nAGBLm3FRpF9my.127","action":"GetUpdates", "result":"DeleteReceived", "context":{"id":"fef7fe60-f69b-4ca5-98d4-a54aa37836cc", "isDeleted:":"true", "version":"1684072495102"}}
{"logTime": "0515/092506", "correlationVector":"jsqt6zA3nAGBLm3FRpF9my.128","action":"GetUpdates", "result":"DeleteReceived", "context":{"id":"1c60f27c-e1a6-47f6-9f85-195eab35a691", "isDeleted:":"true", "version":"1684072790545"}}
{"logTime": "0515/092506", "correlationVector":"jsqt6zA3nAGBLm3FRpF9my.129","action":"GetUpdates", "result":"DeleteReceived", "context":{"id":"fef3df6a-6f9b-4b2e-9862-baad1f908e7e", "isDeleted:":"true", "version":"1684072870451"}}
{"logTime": "0515/092506", "correlationVector":"jsqt6zA3nAGBLm3FRpF9my.130","action":"GetUpdates", "result":"DeleteReceived", "context":{"id":"612faa95-36f4-47fa-9b77-03374d853581", "isDeleted:":"true", "version":"1684078541796"}}
{"logTime": "0515/092506", "correlationVector":"jsqt6zA3nAGBLm3FRpF9my.131","action":"GetUpdates", "result":"DeleteReceived", "context":{"id":"c4939178-05a6-405c-901f-2fbc11e10a0d", "isDeleted:":"true", "version":"1684078879358"}}
{"logTime": "0515/092506", "correlationVector":"jsqt6zA3nAGBLm3FRpF9my.132","action":"GetUpdates", "result":"DeleteReceived", "context":{"id":"c84e92c5-211f-4705-9ef9-4f136569cced", "isDeleted:":"true", "version":"1684080599556"}}
{"logTime": "0515/092506", "correlationVector":"jsqt6zA3nAGBLm3FRpF9my.133","action":"GetUpdates", "result":"DeleteReceived", "context":{"id":"04c71f70-0dca-4ca0-9f99-80570b5467a1", "isDeleted:":"true", "version":"1684080599558"}}
{"logTime": "0515/092506", "correlationVector":"jsqt6zA3nAGBLm3FRpF9my.134","action":"GetUpdates", "result":"DeleteReceived", "context":{"id":"92504168-6cd7-4e16-9f5c-9c1095e09d50", "isDeleted:":"true", "version":"1684081718995"}}
{"logTime": "0515/092506", "correlationVector":"jsqt6zA3nAGBLm3FRpF9my.135","action":"GetUpdates", "result":"DeleteReceived", "context":{"id":"92aa97cd-1a48-47b6-8cb2-a2a7653df43e", "isDeleted:":"true", "version":"1684082522504"}}
{"logTime": "0515/092506", "correlationVector":"jsqt6zA3nAGBLm3FRpF9my.136","action":"GetUpdates", "result":"DeleteReceived", "context":{"id":"f16e1dce-4699-4de5-a9cf-36ae43c576d5", "isDeleted:":"true", "version":"1684082601224"}}
{"logTime": "0515/092506", "correlationVector":"jsqt6zA3nAGBLm3FRpF9my.137","action":"GetUpdates", "result":"DeleteReceived", "context":{"id":"a27e5c77-6e97-4f27-b8f1-30870a888b37", "isDeleted:":"true", "version":"1684082785493"}}
{"logTime": "0515/092506", "correlationVector":"jsqt6zA3nAGBLm3FRpF9my.138","action":"GetUpdates", "result":"DeleteReceived", "context":{"id":"2f77f5ba-f12c-47d6-ba03-a44e5a1f7748", "isDeleted:":"true", "version":"1684082785495"}}
{"logTime": "0515/092506", "correlationVector":"jsqt6zA3nAGBLm3FRpF9my.139","action":"GetUpdates", "result":"DeleteReceived", "context":{"id":"411e8347-5c29-41ee-aff7-75a9d4cc1d84", "isDeleted:":"true", "version":"1684082825596"}}
{"logTime": "0515/092506", "correlationVector":"jsqt6zA3nAGBLm3FRpF9my.140","action":"GetUpdates", "result":"DeleteReceived", "context":{"id":"b0789a52-abea-4c3d-b28a-2e1132c69bb4", "isDeleted:":"true", "version":"1684082825598"}}
{"logTime": "0515/092506", "correlationVector":"jsqt6zA3nAGBLm3FRpF9my.141","action":"GetUpdates", "result":"DeleteReceived", "context":{"id":"7637d308-da03-4e3b-b31d-c34f4fa614dd", "isDeleted:":"true", "version":"1684082825601"}}
{"logTime": "0515/092506", "correlationVector":"jsqt6zA3nAGBLm3FRpF9my.142","action":"GetUpdates", "result":"DeleteReceived", "context":{"id":"c0a92125-9317-47ee-94b5-b1798f03f8e1", "isDeleted:":"true", "version":"1684082825603"}}
{"logTime": "0515/092506", "correlationVector":"jsqt6zA3nAGBLm3FRpF9my.143","action":"GetUpdates", "result":"DeleteReceived", "context":{"id":"e8a3daf1-793b-4e75-b3ce-52f4cbfdc04e", "isDeleted:":"true", "version":"1684082858420"}}
{"logTime": "0515/092506", "correlationVector":"jsqt6zA3nAGBLm3FRpF9my.144","action":"GetUpdates", "result":"DeleteReceived", "context":{"id":"a2beb455-4a54-4b4d-8f94-1d22f29df472", "isDeleted:":"true", "version":"1684082858421"}}
{"logTime": "0515/092506", "correlationVector":"jsqt6zA3nAGBLm3FRpF9my.145","action":"GetUpdates", "result":"DeleteReceived", "context":{"id":"8dd5c369-0934-4360-bfe7-4461f96a313d", "isDeleted:":"true", "version":"1684082858423"}}
{"logTime": "0515/092506", "correlationVector":"jsqt6zA3nAGBLm3FRpF9my.146","action":"GetUpdates", "result":"DeleteReceived", "context":{"id":"74912e15-1f1a-4131-ad7e-07c64f6f3d71", "isDeleted:":"true", "version":"1684082858424"}}
{"logTime": "0515/092506", "correlationVector":"jsqt6zA3nAGBLm3FRpF9my.147","action":"GetUpdates", "result":"DeleteReceived", "context":{"id":"a432f9d3-a412-478e-83d1-8b06719bbd98", "isDeleted:":"true", "version":"1684084064845"}}
{"logTime": "0515/092506", "correlationVector":"jsqt6zA3nAGBLm3FRpF9my.148","action":"GetUpdates", "result":"DeleteReceived", "context":{"id":"f771aa7a-74ec-4ab2-a284-9a6210a8f50c", "isDeleted:":"true", "version":"1684084064846"}}
{"logTime": "0515/092506", "correlationVector":"jsqt6zA3nAGBLm3FRpF9my.149","action":"GetUpdates", "result":"DeleteReceived", "context":{"id":"39e8bd94-1c26-45c8-9539-b1f98b9a0cec", "isDeleted:":"true", "version":"1684084064848"}}
{"logTime": "0515/092506", "correlationVector":"jsqt6zA3nAGBLm3FRpF9my.150","action":"GetUpdates", "result":"DeleteReceived", "context":{"id":"ed965759-08ad-4a7d-8321-c30576783253", "isDeleted:":"true", "version":"1684084285812"}}
{"logTime": "0515/092506", "correlationVector":"jsqt6zA3nAGBLm3FRpF9my.151","action":"GetUpdates", "result":"DeleteReceived", "context":{"id":"8a62e4de-70db-44d8-ab70-d5dd6bc21995", "isDeleted:":"true", "version":"1684084695541"}}
{"logTime": "0515/092506", "correlationVector":"jsqt6zA3nAGBLm3FRpF9my.152","action":"GetUpdates", "result":"DeleteReceived", "context":{"id":"5326777f-e5ed-43ce-9f75-c0406439c4e7", "isDeleted:":"true", "version":"1684086358536"}}
{"logTime": "0515/092506", "correlationVector":"jsqt6zA3nAGBLm3FRpF9my.153","action":"GetUpdates", "result":"DeleteReceived", "context":{"id":"933d61f9-585a-42b8-a855-990568691f63", "isDeleted:":"true", "version":"1684086393905"}}
{"logTime": "0515/092506", "correlationVector":"jsqt6zA3nAGBLm3FRpF9my.154","action":"GetUpdates", "result":"DeleteReceived", "context":{"id":"82540cf8-ef00-41c4-b2f3-8d59305e499e", "isDeleted:":"true", "version":"1684086606686"}}
{"logTime": "0515/092506", "correlationVector":"jsqt6zA3nAGBLm3FRpF9my.155","action":"GetUpdates", "result":"DeleteReceived", "context":{"id":"78df1264-faf4-4af8-bb23-37fdf6423176", "isDeleted:":"true", "version":"1684086808407"}}
{"logTime": "0515/092506", "correlationVector":"jsqt6zA3nAGBLm3FRpF9my.156","action":"GetUpdates", "result":"DeleteReceived", "context":{"id":"76114626-8168-48d6-822d-8795ec5847a8", "isDeleted:":"true", "version":"1684086808409"}}
{"logTime": "0515/092506", "correlationVector":"jsqt6zA3nAGBLm3FRpF9my.157","action":"GetUpdates", "result":"DeleteReceived", "context":{"id":"2affdea4-4233-4932-9e03-f40d420062a6", "isDeleted:":"true", "version":"1684086808410"}}
{"logTime": "0515/092506", "correlationVector":"jsqt6zA3nAGBLm3FRpF9my.158","action":"GetUpdates", "result":"DeleteReceived", "context":{"id":"a998226b-9dc5-48fe-823e-addffbf32f5c", "isDeleted:":"true", "version":"1684086992239"}}
{"logTime": "0515/092506", "correlationVector":"jsqt6zA3nAGBLm3FRpF9my.159","action":"GetUpdates", "result":"DeleteReceived", "context":{"id":"b6f525fa-6e84-46fd-91c8-8090919e6997", "isDeleted:":"true", "version":"1684087472475"}}
{"logTime": "0515/092506", "correlationVector":"jsqt6zA3nAGBLm3FRpF9my.160","action":"GetUpdates", "result":"DeleteReceived", "context":{"id":"8dfc7c06-468a-405d-a7a2-706761289068", "isDeleted:":"true", "version":"1684096426612"}}
{"logTime": "0515/092506", "correlationVector":"jsqt6zA3nAGBLm3FRpF9my.161","action":"GetUpdates", "result":"DeleteReceived", "context":{"id":"2d6ea7fc-d6c9-488c-9b15-21b36be9d34c", "isDeleted:":"true", "version":"1684096426613"}}
{"logTime": "0515/092506", "correlationVector":"jsqt6zA3nAGBLm3FRpF9my.162","action":"GetUpdates", "result":"DeleteReceived", "context":{"id":"f85a56ff-8ba2-4453-870a-e5cb2512e7f9", "isDeleted:":"true", "version":"1684096426614"}}
{"logTime": "0515/092506", "correlationVector":"jsqt6zA3nAGBLm3FRpF9my.163","action":"GetUpdates", "result":"DeleteReceived", "context":{"id":"b6876ee4-d9b3-439a-9df9-30737bae17df", "isDeleted:":"true", "version":"1684096426615"}}
{"logTime": "0515/092506", "correlationVector":"jsqt6zA3nAGBLm3FRpF9my.164","action":"GetUpdates", "result":"DeleteReceived", "context":{"id":"ca2a83a6-0972-46d0-8176-69df4f7c7f9a", "isDeleted:":"true", "version":"1684096426616"}}
{"logTime": "0515/092506", "correlationVector":"jsqt6zA3nAGBLm3FRpF9my.165","action":"GetUpdates", "result":"DeleteReceived", "context":{"id":"15cb1ea0-5178-431a-bac6-1c6670639793", "isDeleted:":"true", "version":"1684096426617"}}
{"logTime": "0515/092506", "correlationVector":"jsqt6zA3nAGBLm3FRpF9my.166","action":"GetUpdates", "result":"DeleteReceived", "context":{"id":"a2823232-8ae4-4994-b628-7a7d28884f89", "isDeleted:":"true", "version":"1684096426619"}}
{"logTime": "0515/092506", "correlationVector":"jsqt6zA3nAGBLm3FRpF9my.167","action":"GetUpdates", "result":"DeleteReceived", "context":{"id":"a281625f-407b-429c-ab9f-f0785bf59984", "isDeleted:":"true", "version":"1684096426620"}}
{"logTime": "0515/092506", "correlationVector":"jsqt6zA3nAGBLm3FRpF9my.168","action":"GetUpdates", "result":"DeleteReceived", "context":{"id":"d37b7211-0d5e-4b12-9bfb-5c4a9fc41255", "isDeleted:":"true", "version":"1684096426621"}}
{"logTime": "0515/092506", "correlationVector":"jsqt6zA3nAGBLm3FRpF9my.169","action":"GetUpdates", "result":"DeleteReceived", "context":{"id":"acce5658-4ed2-4751-b90c-5cf4499b9de2", "isDeleted:":"true", "version":"1684135252368"}}
{"logTime": "0515/092506", "correlationVector":"jsqt6zA3nAGBLm3FRpF9my.170","action":"GetUpdates", "result":"DeleteReceived", "context":{"id":"41b383ab-88c4-4997-9304-2aecfd3de75e", "isDeleted:":"true", "version":"1684135252369"}}
{"logTime": "0515/092506", "correlationVector":"jsqt6zA3nAGBLm3FRpF9my.171","action":"GetUpdates", "result":"DeleteReceived", "context":{"id":"67178dab-a2a2-4bc7-96b4-c8ff96754f12", "isDeleted:":"true", "version":"1684135252371"}}
{"logTime": "0515/092506", "correlationVector":"jsqt6zA3nAGBLm3FRpF9my.172","action":"GetUpdates", "result":"DeleteReceived", "context":{"id":"5f9eb10f-616f-4355-8cd9-5d4b8eb66fd2", "isDeleted:":"true", "version":"1684136503562"}}
{"logTime": "0515/092506", "correlationVector":"jsqt6zA3nAGBLm3FRpF9my.173","action":"GetUpdates", "result":"DeleteReceived", "context":{"id":"21424376-c8fc-4b5f-abd3-f65bcf805f17", "isDeleted:":"true", "version":"1684138028931"}}
{"logTime": "0515/092506", "correlationVector":"jsqt6zA3nAGBLm3FRpF9my.174","action":"GetUpdates", "result":"DeleteReceived", "context":{"id":"49858429-73b2-479d-a278-b31c51285ac7", "isDeleted:":"true", "version":"1684141111820"}}
{"logTime": "0515/092506", "correlationVector":"jsqt6zA3nAGBLm3FRpF9my.175","action":"GetUpdates", "result":"DeleteReceived", "context":{"id":"7842096c-0a1a-4f73-a341-8b15879a188c", "isDeleted:":"true", "version":"1684142233982"}}
{"logTime": "0515/092506", "correlationVector":"jsqt6zA3nAGBLm3FRpF9my.176","action":"GetUpdates", "result":"DeleteReceived", "context":{"id":"27e5ffde-d434-4366-aab6-6261148dc20f", "isDeleted:":"true", "version":"1684142335037"}}
{"logTime": "0515/092506", "correlationVector":"jsqt6zA3nAGBLm3FRpF9my.177","action":"GetUpdates", "result":"DeleteReceived", "context":{"id":"e7d4bb07-e3e3-4ca2-b997-2c6a6215c241", "isDeleted:":"true", "version":"1684142646441"}}
{"logTime": "0515/092506", "correlationVector":"jsqt6zA3nAGBLm3FRpF9my.178","action":"GetUpdates", "result":"DeleteReceived", "context":{"id":"8dc00e9e-8658-49e4-8c28-3288b6c0dcac", "isDeleted:":"true", "version":"1684142691463"}}
{"logTime": "0515/092506", "correlationVector":"jsqt6zA3nAGBLm3FRpF9my.179","action":"GetUpdates Response", "result":"SYNCER_OK", "context":Received 227 update(s). cV=jsqt6zA3nAGBLm3FRpF9my.0;server=GENERAL01000011;cloudType=Consumer;environment=Prod_EastAsia_000d;migrationStage=NotStarted}
{"logTime": "0515/092506", "correlationVector":"h2wbWUvw/r5CK3R8elHWWK","action":"Commit Request", "result":"", "context":Item count: 5
Contributing types: Sessions, User Consents}
{"logTime": "0515/092507", "correlationVector":"h2wbWUvw/r5CK3R8elHWWK.1","action":"SyncServerConnectionManagerRequest", "result":"SYNC_SERVER_OK", "context":{"environment":"Prod_EastAsia_000d", "migrationStage":"NotStarted", "server":"GENERAL0100000D"}}
{"logTime": "0515/092507", "correlationVector":"h2wbWUvw/r5CK3R8elHWWK.2","action":"Commit Response", "result":"SYNCER_OK", "context":Result: SYNCER_OK. cV=h2wbWUvw/r5CK3R8elHWWK.0;server=GENERAL0100000D;cloudType=Consumer;environment=Prod_EastAsia_000d;migrationStage=NotStarted}
{"logTime": "0515/092507", "correlationVector":"xKZeXODTnqBHn7pBW6K9oJ","action":"Initial GetUpdates", "result":"", "context":Reason: NEWLY_SUPPORTED_DATATYPE. cV=xKZeXODTnqBHn7pBW6K9oJ}
{"logTime": "0515/092509", "correlationVector":"xKZeXODTnqBHn7pBW6K9oJ.1","action":"SyncServerConnectionManagerRequest", "result":"SYNC_SERVER_OK", "context":{"environment":"Prod_EastAsia_000d", "migrationStage":"NotStarted", "server":"general01000028"}}
{"logTime": "0515/092509", "correlationVector":"xKZeXODTnqBHn7pBW6K9oJ.2","action":"GetUpdates Response", "result":"SYNCER_OK", "context":Received 236 update(s). cV=xKZeXODTnqBHn7pBW6K9oJ.0;server=general01000028;cloudType=Consumer;environment=Prod_EastAsia_000d;migrationStage=NotStarted}
{"logTime": "0515/092510", "correlationVector":"7F4e6Tvow+EXYFOhr/fIvm","action":"Normal GetUpdate request", "result":"", "context":cV=7F4e6Tvow+EXYFOhr/fIvm
Nudged types: Autofill Profiles, Typed URLs, Sessions
Refresh requested types: Bookmarks, Preferences, Passwords, Autofill Profiles, Autofill, Autofill Custom Data, Typed URLs, Extensions, Sessions, Extension settings, History Delete Directives, Device Info, User Consents, Send Tab To Self, Web Apps, Collection, Edge E Drop, Encryption Keys}
{"logTime": "0515/092511", "correlationVector":"7F4e6Tvow+EXYFOhr/fIvm.1","action":"SyncServerConnectionManagerRequest", "result":"SYNC_SERVER_OK", "context":{"environment":"Prod_EastAsia_000d", "migrationStage":"NotStarted", "server":"general0100000L"}}
{"logTime": "0515/092511", "correlationVector":"7F4e6Tvow+EXYFOhr/fIvm.2","action":"GetUpdates Response", "result":"SERVER_MORE_TO_DOWNLOAD", "context":Received 7 update(s).  Some updates remain.}
{"logTime": "0515/092511", "correlationVector":"egO+pAlE9kmU700vKEGW2B","action":"Normal GetUpdate request", "result":"", "context":cV=egO+pAlE9kmU700vKEGW2B
Nudged types: Autofill Profiles, Typed URLs, Sessions
Refresh requested types: Bookmarks, Preferences, Passwords, Autofill Profiles, Autofill, Autofill Custom Data, Typed URLs, Extensions, Sessions, Extension settings, History Delete Directives, Device Info, User Consents, Send Tab To Self, Web Apps, Collection, Edge E Drop, Encryption Keys}
{"logTime": "0515/092512", "correlationVector":"egO+pAlE9kmU700vKEGW2B.1","action":"SyncServerConnectionManagerRequest", "result":"SYNC_SERVER_OK", "context":{"environment":"Prod_EastAsia_000d", "migrationStage":"NotStarted", "server":"GENERAL01000003"}}
{"logTime": "0515/092512", "correlationVector":"egO+pAlE9kmU700vKEGW2B.2","action":"GetUpdates Response", "result":"SERVER_MORE_TO_DOWNLOAD", "context":Received 2 update(s).  Some updates remain.}
{"logTime": "0515/092512", "correlationVector":"QYPP4hvCiUS6rozBIcDq9q","action":"Normal GetUpdate request", "result":"", "context":cV=QYPP4hvCiUS6rozBIcDq9q
Nudged types: Autofill Profiles, Typed URLs, Sessions
Refresh requested types: Bookmarks, Preferences, Passwords, Autofill Profiles, Autofill, Autofill Custom Data, Typed URLs, Extensions, Sessions, Extension settings, History Delete Directives, Device Info, User Consents, Send Tab To Self, Web Apps, Collection, Edge E Drop, Encryption Keys}
{"logTime": "0515/092513", "correlationVector":"QYPP4hvCiUS6rozBIcDq9q.1","action":"SyncServerConnectionManagerRequest", "result":"SYNC_SERVER_OK", "context":{"environment":"Prod_EastAsia_000d", "migrationStage":"NotStarted", "server":"general0100002A"}}
{"logTime": "0515/092513", "correlationVector":"QYPP4hvCiUS6rozBIcDq9q.2","action":"GetUpdates Response", "result":"SERVER_MORE_TO_DOWNLOAD", "context":Received 85 update(s).  Some updates remain.}
{"logTime": "0515/092513", "correlationVector":"r0aievgnQa1Bq/NkOUsqeE","action":"Normal GetUpdate request", "result":"", "context":cV=r0aievgnQa1Bq/NkOUsqeE
Nudged types: Autofill Profiles, Typed URLs, Sessions
Refresh requested types: Bookmarks, Preferences, Passwords, Autofill Profiles, Autofill, Autofill Custom Data, Typed URLs, Extensions, Sessions, Extension settings, History Delete Directives, Device Info, User Consents, Send Tab To Self, Web Apps, Collection, Edge E Drop, Encryption Keys}
{"logTime": "0515/092514", "correlationVector":"r0aievgnQa1Bq/NkOUsqeE.1","action":"SyncServerConnectionManagerRequest", "result":"SYNC_SERVER_OK", "context":{"environment":"Prod_EastAsia_000d", "migrationStage":"NotStarted", "server":"general0100000X"}}
{"logTime": "0515/092514", "correlationVector":"r0aievgnQa1Bq/NkOUsqeE.2","action":"GetUpdates Response", "result":"SERVER_MORE_TO_DOWNLOAD", "context":Received 243 update(s).  Some updates remain.}
{"logTime": "0515/092514", "correlationVector":"IxxVPZDfWYINBuVPqxF3Jr","action":"Normal GetUpdate request", "result":"", "context":cV=IxxVPZDfWYINBuVPqxF3Jr
Nudged types: Autofill Profiles, Typed URLs, Sessions
Refresh requested types: Bookmarks, Preferences, Passwords, Autofill Profiles, Autofill, Autofill Custom Data, Typed URLs, Extensions, Sessions, Extension settings, History Delete Directives, Device Info, User Consents, Send Tab To Self, Web Apps, Collection, Edge E Drop, Encryption Keys}
{"logTime": "0515/092515", "correlationVector":"IxxVPZDfWYINBuVPqxF3Jr.1","action":"SyncServerConnectionManagerRequest", "result":"SYNC_SERVER_OK", "context":{"environment":"Prod_EastAsia_000d", "migrationStage":"NotStarted", "server":"GENERAL01000019"}}
{"logTime": "0515/092515", "correlationVector":"IxxVPZDfWYINBuVPqxF3Jr.2","action":"GetUpdates Response", "result":"SERVER_MORE_TO_DOWNLOAD", "context":Received 145 update(s).  Some updates remain.}
{"logTime": "0515/092515", "correlationVector":"X/cCUyYISYds+aaUWQl+TN","action":"Normal GetUpdate request", "result":"", "context":cV=X/cCUyYISYds+aaUWQl+TN
Nudged types: Autofill Profiles, Typed URLs, Sessions
Refresh requested types: Bookmarks, Preferences, Passwords, Autofill Profiles, Autofill, Autofill Custom Data, Typed URLs, Extensions, Sessions, Extension settings, History Delete Directives, Device Info, User Consents, Send Tab To Self, Web Apps, Collection, Edge E Drop, Encryption Keys}
{"logTime": "0515/092516", "correlationVector":"X/cCUyYISYds+aaUWQl+TN.1","action":"SyncServerConnectionManagerRequest", "result":"SYNC_SERVER_OK", "context":{"environment":"Prod_EastAsia_000d", "migrationStage":"NotStarted", "server":"GENERAL01000007"}}
{"logTime": "0515/092516", "correlationVector":"X/cCUyYISYds+aaUWQl+TN.2","action":"GetUpdates Response", "result":"SERVER_MORE_TO_DOWNLOAD", "context":Received 2 update(s).  Some updates remain.}
{"logTime": "0515/092516", "correlationVector":"deWvSwI8MQ7gypTDA4vU82","action":"Normal GetUpdate request", "result":"", "context":cV=deWvSwI8MQ7gypTDA4vU82
Nudged types: Autofill Profiles, Typed URLs, Sessions
Refresh requested types: Bookmarks, Preferences, Passwords, Autofill Profiles, Autofill, Autofill Custom Data, Typed URLs, Extensions, Sessions, Extension settings, History Delete Directives, Device Info, User Consents, Send Tab To Self, Web Apps, Collection, Edge E Drop, Encryption Keys}
{"logTime": "0515/092517", "correlationVector":"deWvSwI8MQ7gypTDA4vU82.1","action":"SyncServerConnectionManagerRequest", "result":"SYNC_SERVER_OK", "context":{"environment":"Prod_EastAsia_000d", "migrationStage":"NotStarted", "server":"GENERAL0100001X"}}
{"logTime": "0515/092517", "correlationVector":"deWvSwI8MQ7gypTDA4vU82.2","action":"GetUpdates", "result":"DeleteReceived", "context":{"id":"bb89e2d4-b035-4d84-a22a-c36950e64680", "isDeleted:":"true", "version":"1682871939434"}}
{"logTime": "0515/092517", "correlationVector":"deWvSwI8MQ7gypTDA4vU82.3","action":"GetUpdates Response", "result":"SERVER_MORE_TO_DOWNLOAD", "context":Received 1 update(s).  Some updates remain.}
{"logTime": "0515/092517", "correlationVector":"2Fm1TMHgKcDOXjBqGJZIwn","action":"Normal GetUpdate request", "result":"", "context":cV=2Fm1TMHgKcDOXjBqGJZIwn
Nudged types: Autofill Profiles, Typed URLs, Sessions
Refresh requested types: Bookmarks, Preferences, Passwords, Autofill Profiles, Autofill, Autofill Custom Data, Typed URLs, Extensions, Sessions, Extension settings, History Delete Directives, Device Info, User Consents, Send Tab To Self, Web Apps, Collection, Edge E Drop, Encryption Keys}
{"logTime": "0515/092518", "correlationVector":"2Fm1TMHgKcDOXjBqGJZIwn.1","action":"SyncServerConnectionManagerRequest", "result":"SYNC_SERVER_OK", "context":{"environment":"Prod_EastAsia_000d", "migrationStage":"NotStarted", "server":"GENERAL01000022"}}
{"logTime": "0515/092518", "correlationVector":"2Fm1TMHgKcDOXjBqGJZIwn.2","action":"GetUpdates Response", "result":"SERVER_MORE_TO_DOWNLOAD", "context":Received 7 update(s).  Some updates remain.}
{"logTime": "0515/092518", "correlationVector":"r/G0Ol9bQNl5lONFTG8jWw","action":"Normal GetUpdate request", "result":"", "context":cV=r/G0Ol9bQNl5lONFTG8jWw
Nudged types: Autofill Profiles, Typed URLs, Sessions
Refresh requested types: Bookmarks, Preferences, Passwords, Autofill Profiles, Autofill, Autofill Custom Data, Typed URLs, Extensions, Sessions, Extension settings, History Delete Directives, Device Info, User Consents, Send Tab To Self, Web Apps, Collection, Edge E Drop, Encryption Keys}
{"logTime": "0515/092519", "correlationVector":"r/G0Ol9bQNl5lONFTG8jWw.1","action":"SyncServerConnectionManagerRequest", "result":"SYNC_SERVER_OK", "context":{"environment":"Prod_EastAsia_000d", "migrationStage":"NotStarted", "server":"GENERAL0100001D"}}
{"logTime": "0515/092519", "correlationVector":"r/G0Ol9bQNl5lONFTG8jWw.2","action":"GetUpdates Response", "result":"SERVER_MORE_TO_DOWNLOAD", "context":Received 11 update(s).  Some updates remain.}
{"logTime": "0515/092519", "correlationVector":"GRFh/F7PWqO9GocaE1pu4w","action":"Normal GetUpdate request", "result":"", "context":cV=GRFh/F7PWqO9GocaE1pu4w
Nudged types: Autofill Profiles, Typed URLs, Sessions
Refresh requested types: Bookmarks, Preferences, Passwords, Autofill Profiles, Autofill, Autofill Custom Data, Typed URLs, Extensions, Sessions, Extension settings, History Delete Directives, Device Info, User Consents, Send Tab To Self, Web Apps, Collection, Edge E Drop, Encryption Keys}
{"logTime": "0515/092520", "correlationVector":"GRFh/F7PWqO9GocaE1pu4w.1","action":"SyncServerConnectionManagerRequest", "result":"SYNC_SERVER_OK", "context":{"environment":"Prod_EastAsia_000d", "migrationStage":"NotStarted", "server":"general0100000G"}}
{"logTime": "0515/092520", "correlationVector":"GRFh/F7PWqO9GocaE1pu4w.2","action":"GetUpdates Response", "result":"SYNCER_OK", "context":Received 12 update(s). cV=GRFh/F7PWqO9GocaE1pu4w.0;server=general0100000G;cloudType=Consumer;environment=Prod_EastAsia_000d;migrationStage=NotStarted}
{"logTime": "0515/092520", "correlationVector":"cJ2RNwR15kQLhueO5YrjQ+","action":"Commit Request", "result":"", "context":Item count: 3
Contributing types: Autofill}
{"logTime": "0515/092521", "correlationVector":"cJ2RNwR15kQLhueO5YrjQ+.1","action":"SyncServerConnectionManagerRequest", "result":"SYNC_SERVER_OK", "context":{"environment":"Prod_EastAsia_000d", "migrationStage":"NotStarted", "server":"GENERAL0100001S"}}
{"logTime": "0515/092521", "correlationVector":"cJ2RNwR15kQLhueO5YrjQ+.2","action":"Commit Response", "result":"SYNCER_OK", "context":Result: SYNCER_OK. cV=cJ2RNwR15kQLhueO5YrjQ+.0;server=GENERAL0100001S;cloudType=Consumer;environment=Prod_EastAsia_000d;migrationStage=NotStarted}
{"logTime": "0515/092610", "correlationVector":"Z1fqktn+ElI3ysW4y/DHvB","action":"Commit Request", "result":"", "context":Item count: 20
Contributing types: Passwords}
{"logTime": "0515/092612", "correlationVector":"Z1fqktn+ElI3ysW4y/DHvB.1","action":"SyncServerConnectionManagerRequest", "result":"SYNC_SERVER_OK", "context":{"environment":"Prod_EastAsia_000d", "migrationStage":"NotStarted", "server":"GENERAL0100000P"}}
{"logTime": "0515/092612", "correlationVector":"Z1fqktn+ElI3ysW4y/DHvB.2","action":"Commit Response", "result":"SYNCER_OK", "context":Result: SYNCER_OK. cV=Z1fqktn+ElI3ysW4y/DHvB.0;server=GENERAL0100000P;cloudType=Consumer;environment=Prod_EastAsia_000d;migrationStage=NotStarted}
{"logTime": "0515/092612", "correlationVector":"GAY06/IdrONmYOuS3+Zo16","action":"Commit Request", "result":"", "context":Item count: 20
Contributing types: Passwords}
{"logTime": "0515/092614", "correlationVector":"GAY06/IdrONmYOuS3+Zo16.1","action":"SyncServerConnectionManagerRequest", "result":"SYNC_SERVER_OK", "context":{"environment":"Prod_EastAsia_000d", "migrationStage":"NotStarted", "server":"GENERAL0100000B"}}
{"logTime": "0515/092614", "correlationVector":"GAY06/IdrONmYOuS3+Zo16.2","action":"Commit Response", "result":"SYNCER_OK", "context":Result: SYNCER_OK. cV=GAY06/IdrONmYOuS3+Zo16.0;server=GENERAL0100000B;cloudType=Consumer;environment=Prod_EastAsia_000d;migrationStage=NotStarted}
{"logTime": "0515/092614", "correlationVector":"nKoQX67g4050wYvjuyjsM/","action":"Commit Request", "result":"", "context":Item count: 12
Contributing types: Passwords}
{"logTime": "0515/092615", "correlationVector":"nKoQX67g4050wYvjuyjsM/.1","action":"SyncServerConnectionManagerRequest", "result":"SYNC_SERVER_OK", "context":{"environment":"Prod_EastAsia_000d", "migrationStage":"NotStarted", "server":"GENERAL0100001T"}}
{"logTime": "0515/092615", "correlationVector":"nKoQX67g4050wYvjuyjsM/.2","action":"Commit Response", "result":"SYNCER_OK", "context":Result: SYNCER_OK. cV=nKoQX67g4050wYvjuyjsM/.0;server=GENERAL0100001T;cloudType=Consumer;environment=Prod_EastAsia_000d;migrationStage=NotStarted}
{"logTime": "0515/092708", "correlationVector":"yo/NWF5DgyHtD9mt6cwwXq","action":"Commit Request", "result":"", "context":Item count: 3
Contributing types: Sessions}
{"logTime": "0515/092709", "correlationVector":"yo/NWF5DgyHtD9mt6cwwXq.1","action":"SyncServerConnectionManagerRequest", "result":"SYNC_SERVER_OK", "context":{"environment":"Prod_EastAsia_000d", "migrationStage":"NotStarted", "server":"general0100000L"}}
{"logTime": "0515/092709", "correlationVector":"yo/NWF5DgyHtD9mt6cwwXq.3","action":"Commit.Sessions", "result":"Success", "context":{"id":"ffafa19c-4736-4598-b01c-015b1c8b0bc6", "isDeleted":"true", "size":"0", "version":"1684142706953"}}
{"logTime": "0515/092709", "correlationVector":"yo/NWF5DgyHtD9mt6cwwXq.4","action":"Commit.Sessions", "result":"Success", "context":{"id":"771b162b-28c1-4fb5-9b80-96ed38609924", "isDeleted":"true", "size":"0", "version":"1684142706956"}}
{"logTime": "0515/092709", "correlationVector":"yo/NWF5DgyHtD9mt6cwwXq.2","action":"Commit Response", "result":"SYNCER_OK", "context":Result: SYNCER_OK. cV=yo/NWF5DgyHtD9mt6cwwXq.0;server=general0100000L;cloudType=Consumer;environment=Prod_EastAsia_000d;migrationStage=NotStarted}
{"logTime": "0515/092723", "correlationVector":"ETDuiO+AAeovdfTIHmU2TY","action":"Poll GetUpdate request", "result":"", "context":cV=ETDuiO+AAeovdfTIHmU2TY}
{"logTime": "0515/092725", "correlationVector":"ETDuiO+AAeovdfTIHmU2TY.1","action":"SyncServerConnectionManagerRequest", "result":"SYNC_SERVER_OK", "context":{"environment":"Prod_EastAsia_000d", "migrationStage":"NotStarted", "server":"GENERAL01000003"}}
{"logTime": "0515/092725", "correlationVector":"ETDuiO+AAeovdfTIHmU2TY.2","action":"GetUpdates", "result":"DeleteReceived", "context":{"id":"facc0d26-cc44-4b49-9f08-3d8e2a877a3d", "isDeleted:":"true", "version":"1684142746587"}}
{"logTime": "0515/092725", "correlationVector":"ETDuiO+AAeovdfTIHmU2TY.3","action":"GetUpdates", "result":"DeleteReceived", "context":{"id":"ffafa19c-4736-4598-b01c-015b1c8b0bc6", "isDeleted:":"true", "version":"1684142829358"}}
{"logTime": "0515/092725", "correlationVector":"ETDuiO+AAeovdfTIHmU2TY.4","action":"GetUpdates", "result":"DeleteReceived", "context":{"id":"771b162b-28c1-4fb5-9b80-96ed38609924", "isDeleted:":"true", "version":"1684142829360"}}
{"logTime": "0515/092725", "correlationVector":"ETDuiO+AAeovdfTIHmU2TY.5","action":"GetUpdates Response", "result":"SYNCER_OK", "context":Received 61 update(s). cV=ETDuiO+AAeovdfTIHmU2TY.0;server=GENERAL01000003;cloudType=Consumer;environment=Prod_EastAsia_000d;migrationStage=NotStarted}
{"logTime": "0515/094930", "correlationVector":"o0V1b8U7V1WMo0Te+OUlio","action":"Commit Request", "result":"", "context":Item count: 1
Contributing types: Sessions}
{"logTime": "0515/094932", "correlationVector":"o0V1b8U7V1WMo0Te+OUlio.1","action":"SyncServerConnectionManagerRequest", "result":"SYNC_SERVER_OK", "context":{"environment":"Prod_EastAsia_000d", "migrationStage":"NotStarted", "server":"GENERAL0100000Y"}}
{"logTime": "0515/094932", "correlationVector":"o0V1b8U7V1WMo0Te+OUlio.2","action":"Commit Response", "result":"SYNCER_OK", "context":Result: SYNCER_OK. cV=o0V1b8U7V1WMo0Te+OUlio.0;server=GENERAL0100000Y;cloudType=Consumer;environment=Prod_EastAsia_000d;migrationStage=NotStarted}
{"logTime": "0515/095051", "correlationVector":"8MOyiL/LAdEo4Qxn2coNuf","action":"Commit Request", "result":"", "context":Item count: 1
Contributing types: Sessions}
{"logTime": "0515/095052", "correlationVector":"8MOyiL/LAdEo4Qxn2coNuf.1","action":"SyncServerConnectionManagerRequest", "result":"SYNC_SERVER_OK", "context":{"environment":"Prod_EastAsia_000d", "migrationStage":"NotStarted", "server":"GENERAL01000005"}}
{"logTime": "0515/095052", "correlationVector":"8MOyiL/LAdEo4Qxn2coNuf.2","action":"Commit Response", "result":"SYNCER_OK", "context":Result: SYNCER_OK. cV=8MOyiL/LAdEo4Qxn2coNuf.0;server=GENERAL01000005;cloudType=Consumer;environment=Prod_EastAsia_000d;migrationStage=NotStarted}
